<?xml version="1.0" encoding="UTF-8"?>
<!-- Generated by org.testng.reporters.JUnitXMLReporter -->
<testsuite ignored="0" hostname="Kripalu-Kunj" failures="0" tests="3" name="Test3" time="10.052" errors="0" timestamp="2025-01-19T20:59:09 IST">
  <testcase classname="com.soni.JKP1008.TestClass_3" name="test1" time="10.021"/>
  <testcase classname="com.soni.JKP1008.TestClass_3" name="test3" time="10.021"/>
  <testcase classname="com.soni.JKP1008.TestClass_3" name="test2" time="10.021"/>
</testsuite> <!-- Test3 -->
