<?xml version="1.0" encoding="UTF-8"?>
<!-- Generated by org.testng.reporters.JUnitXMLReporter -->
<testsuite ignored="0" hostname="Kripalu-Kunj" failures="1" tests="2" name="Test1" time="10.025" errors="0" timestamp="2025-01-19T22:41:35 IST">
  <testcase classname="com.soni.JKP1008.TestClass_2" name="test1" time="0.001">
    <failure type="java.lang.AssertionError" message="expected [false] but found [true]">
      <![CDATA[java.lang.AssertionError: expected [false] but found [true]
at com.soni.JKP1008.TestClass_2.test1(TestClass_2.java:13)
at java.base/java.util.ArrayList.forEach(ArrayList.java:1597)
... Removed 32 stack frames]]>
    </failure>
  </testcase> <!-- test1 -->
  <testcase classname="com.soni.JKP1008.TestClass_2" name="test2" time="10.015"/>
</testsuite> <!-- Test1 -->
